<?xml version="1.0" encoding="UTF-8"?>
<testng-results ignored="0" total="2" passed="0" failed="2" skipped="0">
  <reporter-output>
  </reporter-output>
  <suite started-at="2021-05-10T11:25:05Z" name="Suite" finished-at="2021-05-10T11:25:08Z" duration-ms="3032">
    <groups>
      <group name="cucumber">
        <method signature="AbstractTestNGCucumberTests.runScenario(io.cucumber.testng.PickleWrapper, io.cucumber.testng.FeatureWrapper)[pri:0, instance:com.test.APIAutomation.OneDat.RunnerClasses.TestRunner@3adcc812]" name="runScenario" class="io.cucumber.testng.AbstractTestNGCucumberTests"/>
      </group> <!-- cucumber -->
    </groups>
    <test started-at="2021-05-10T11:25:05Z" name="Test" finished-at="2021-05-10T11:25:08Z" duration-ms="3032">
      <class name="com.test.APIAutomation.OneDat.RunnerClasses.TestRunner">
        <test-method is-config="true" signature="setUpClass()[pri:0, instance:com.test.APIAutomation.OneDat.RunnerClasses.TestRunner@3adcc812]" started-at="2021-05-10T11:25:05Z" name="setUpClass" finished-at="2021-05-10T11:25:06Z" duration-ms="461" status="PASS">
          <reporter-output>
          </reporter-output>
        </test-method> <!-- setUpClass -->
        <test-method signature="runScenario(io.cucumber.testng.PickleWrapper, io.cucumber.testng.FeatureWrapper)[pri:0, instance:com.test.APIAutomation.OneDat.RunnerClasses.TestRunner@3adcc812]" started-at="2021-05-10T11:25:06Z" name="runScenario" description="Runs Cucumber Scenarios" data-provider="scenarios" finished-at="2021-05-10T11:25:08Z" duration-ms="1995" status="FAIL">
          <params>
            <param index="0">
              <value>
                <![CDATA["Verify adding book api's using AddBookApi"]]>
              </value>
            </param>
            <param index="1">
              <value>
                <![CDATA["Optional[Validating Library Api's]"]]>
              </value>
            </param>
          </params>
          <exception class="java.lang.AssertionError">
            <message>
              <![CDATA[expected [200] but found [404]]]>
            </message>
            <full-stacktrace>
              <![CDATA[java.lang.AssertionError: expected [200] but found [404]
at org.testng.Assert.fail(Assert.java:96)
at org.testng.Assert.failNotEquals(Assert.java:776)
at org.testng.Assert.assertEqualsImpl(Assert.java:137)
at org.testng.Assert.assertEquals(Assert.java:118)
at org.testng.Assert.assertEquals(Assert.java:652)
at org.testng.Assert.assertEquals(Assert.java:662)
at com.test.APIAutomation.OneDat.StepDefinitions.StepDefinition.the_api_call_is_success_with_status_code(StepDefinition.java:52)
at ✽.the Api call is success with status code 200(file:///E:/localrepo/src/test/java/com/test/APIAutomation/OneDat/FeatureFiles/bookValidation.feature:6)
]]>
            </full-stacktrace>
          </exception> <!-- java.lang.AssertionError -->
          <reporter-output>
          </reporter-output>
        </test-method> <!-- runScenario -->
        <test-method signature="runScenario(io.cucumber.testng.PickleWrapper, io.cucumber.testng.FeatureWrapper)[pri:0, instance:com.test.APIAutomation.OneDat.RunnerClasses.TestRunner@3adcc812]" started-at="2021-05-10T11:25:08Z" name="runScenario" description="Runs Cucumber Scenarios" data-provider="scenarios" finished-at="2021-05-10T11:25:08Z" duration-ms="463" status="FAIL">
          <params>
            <param index="0">
              <value>
                <![CDATA["verify delete book api's using DeleteBookApi"]]>
              </value>
            </param>
            <param index="1">
              <value>
                <![CDATA["Optional[Validating Library Api's]"]]>
              </value>
            </param>
          </params>
          <exception class="java.lang.AssertionError">
            <message>
              <![CDATA[expected [200] but found [404]]]>
            </message>
            <full-stacktrace>
              <![CDATA[java.lang.AssertionError: expected [200] but found [404]
at org.testng.Assert.fail(Assert.java:96)
at org.testng.Assert.failNotEquals(Assert.java:776)
at org.testng.Assert.assertEqualsImpl(Assert.java:137)
at org.testng.Assert.assertEquals(Assert.java:118)
at org.testng.Assert.assertEquals(Assert.java:652)
at org.testng.Assert.assertEquals(Assert.java:662)
at com.test.APIAutomation.OneDat.StepDefinitions.StepDefinition.the_api_call_is_success_with_status_code(StepDefinition.java:52)
at ✽.the Api call is success with status code 200(file:///E:/localrepo/src/test/java/com/test/APIAutomation/OneDat/FeatureFiles/bookValidation.feature:12)
]]>
            </full-stacktrace>
          </exception> <!-- java.lang.AssertionError -->
          <reporter-output>
          </reporter-output>
        </test-method> <!-- runScenario -->
        <test-method is-config="true" signature="tearDownClass()[pri:0, instance:com.test.APIAutomation.OneDat.RunnerClasses.TestRunner@3adcc812]" started-at="2021-05-10T11:25:08Z" name="tearDownClass" finished-at="2021-05-10T11:25:08Z" duration-ms="85" status="PASS">
          <reporter-output>
          </reporter-output>
        </test-method> <!-- tearDownClass -->
      </class> <!-- com.test.APIAutomation.OneDat.RunnerClasses.TestRunner -->
    </test> <!-- Test -->
  </suite> <!-- Suite -->
</testng-results>
